**********************
PowerShell transcript start
Start time: 20251202165436
Username: DICKTATER-FUNDI\sandra
RunAs User: DICKTATER-FUNDI\sandra
Configuration Name: 
Machine: DICKTATER-FUNDI (Microsoft Windows NT 10.0.26200.0)
Host Application: C:\Program Files\PowerShell\7\pwsh.dll -File .\scripts\tetrahedron-audit.ps1 -DryRun -LogPath .\scripts\tetrahedron-audit-run.log
Process ID: 41584
PSVersion: 7.5.4
PSEdition: Core
GitCommitId: 7.5.4
OS: Microsoft Windows 10.0.26200
Platform: Win32NT
PSCompatibleVersions: 1.0, 2.0, 3.0, 4.0, 5.0, 5.1, 6.0, 7.0
PSRemotingProtocolVersion: 2.3
SerializationVersion: 1.1.0.1
WSManStackVersion: 3.0
**********************
Transcript started, output file is .\scripts\tetrahedron-audit-run.log
  ✓ Loaded audit-data.csv from C:\Users\sandra\phenix-framework\audit-data.csv
Audit for 1:
  Topology: True (Required: K4)
  Friction: True (μ ≤ 0.05)
  Phase Alignment: True (Δ ≤ 0.01 rad)
  Multi-Sensory: True (Required: True)
  PASS: True
---
Audit for 2:
  Topology: True (Required: K4)
  Friction: True (μ ≤ 0.05)
  Phase Alignment: True (Δ ≤ 0.01 rad)
  Multi-Sensory: True (Required: True)
  PASS: True
---
Audit for 3:
  Topology: True (Required: K4)
  Friction: True (μ ≤ 0.05)
  Phase Alignment: False (Δ ≤ 0.01 rad)
  Multi-Sensory: False (Required: True)
  PASS: False
---
Audit for 4:
  Topology: False (Required: K4)
  Friction: True (μ ≤ 0.05)
  Phase Alignment: True (Δ ≤ 0.01 rad)
  Multi-Sensory: True (Required: True)
  PASS: False
---
Audit for 5:
  Topology: True (Required: K4)
  Friction: True (μ ≤ 0.05)
  Phase Alignment: True (Δ ≤ 0.01 rad)
  Multi-Sensory: True (Required: True)
  PASS: True
---
▸ 1.1 Vertex Pages (4 Required)
  ✗ emotional/processing vertex page missing patterns: bg-gradient-to-br
False
  ✗ emotional/relationships vertex page missing patterns: bg-gradient-to-br
False
  ✗ emotional/attachment vertex page missing patterns: bg-gradient-to-br
False
  ✗ emotional/communication vertex page missing patterns: bg-gradient-to-br
False
  ✗ practical/daily-practices vertex page missing patterns: bg-gradient-to-br
False
  ✗ practical/quick-reference vertex page missing patterns: bg-gradient-to-br
False
  ✗ practical/toolkit vertex page missing patterns: bg-gradient-to-br
False
  ✗ practical/case-studies vertex page missing patterns: bg-gradient-to-br
False
  ✓ practical/metrics vertex page contains all required patterns
True
  ✗ technical/systems-thinking vertex page missing patterns: bg-gradient-to-br
False
  ✗ technical/patterns vertex page missing patterns: bg-gradient-to-br
False
  ✗ technical/protocol-development vertex page missing patterns: bg-gradient-to-br
False
  ✗ technical/metrics vertex page missing patterns: bg-gradient-to-br
False
  ✗ philosophical/core-principles vertex page missing patterns: bg-gradient-to-br
False
  ✗ philosophical/meaning-making vertex page missing patterns: bg-gradient-to-br
False
  ✗ philosophical/ethics vertex page missing patterns: bg-gradient-to-br
False
  ✗ philosophical/human-flourishing vertex page missing patterns: bg-gradient-to-br
False
▸ 1.2 Edge Pages (10 Required - Complete Graph)
  ✗ tech-philosophical edge page missing patterns: bg-gradient-to-br from-.*-950 via-.*-950, EDGE DEFINITION|Edge Definition
False
  ✗ emotional-practical edge page missing patterns: bg-gradient-to-br from-.*-950 via-.*-950, EDGE DEFINITION|Edge Definition
False
  ✗ practical-philosophical edge page missing patterns: bg-gradient-to-br from-.*-950 via-.*-950, EDGE DEFINITION|Edge Definition
False
  ✗ emotional-philosophical edge page missing patterns: bg-gradient-to-br from-.*-950 via-.*-950, EDGE DEFINITION|Edge Definition
False
  ✗ practical-tech edge page missing patterns: bg-gradient-to-br from-.*-950 via-.*-950, EDGE DEFINITION|Edge Definition
False
  ✗ philosophical-tech edge page missing patterns: bg-gradient-to-br from-.*-950 via-.*-950, EDGE DEFINITION|Edge Definition
False
  ✗ philosophical-emotional edge page missing patterns: bg-gradient-to-br from-.*-950 via-.*-950, EDGE DEFINITION|Edge Definition
False
  ✗ philosophical-practical edge page missing patterns: bg-gradient-to-br from-.*-950 via-.*-950, EDGE DEFINITION|Edge Definition
False
▸ 1.3 Documentation Hub (Central Reference)
  ✓ Documentation hub contains all required patterns
True

═══════════════════════════════════════════════════════════════
 MULTI-SENSORY RESONANCE VERIFICATION
═══════════════════════════════════════════════════════════════
▸ 2.1 Audio System (Solfeggio Frequencies)
  ✓ AmbientMusic component contains all required patterns
True
  ✓ GlobalMusic frequency router contains all required patterns
True
  ✓ Root layout music integration contains all required patterns
True
▸ 2.2 Visual System (K₄ Cards & Gradients)
  ✗ page.tsx missing patterns: grid.*gap
False
  ✗ page.tsx missing patterns: grid.*gap
False
  ✗ page.tsx missing patterns: grid.*gap
False
  ✗ page.tsx missing patterns: grid.*gap
False
▸ 2.3 Homepage Animation (Jitterbug Visualization)
  ✓ Homepage K₄ animation contains all required patterns
True
  ✓ Phase synchronization verified: Outer nodes pulse in unison
  ✓ Visual coherence: Unified harmonic oscillator (no competing motion)
  ✓ Symmetrical bloom verified: All nodes initialize at singularity
  ✓ First-frame stillness: Animation begins smoothly (no jarring spin)

═══════════════════════════════════════════════════════════════
 MATHEMATICAL TOPOLOGY VALIDATION
═══════════════════════════════════════════════════════════════
▸ 3.1 Graph Completeness (K₄ Properties)
  ✓ 17 vertex pages (4 emotional + 5 practical + 4 technical + 4 philosophical)
  ✗ Edge count mismatch: Expected 10, found 8
  ✓ 1 documentation hub (graph center)
  ⚠ Total page count: 26 (expected 28)
▸ 3.2 Fractal Self-Similarity
  ⚠ Face markers may need verification
▸ 3.3 Delta Configuration (Mesh Topology)
  ✗ Edge mesh incomplete: 8 of 10 edges found

═══════════════════════════════════════════════════════════════
 BUILD & RUNTIME VALIDATION
═══════════════════════════════════════════════════════════════
▸ 4.1 TypeScript Compilation
  → Running type check...
  ⚠ Build check skipped due to --no-build or --dry-run flag
▸ 4.2 Dependency Check
  ✓ next installed
  ✓ react installed
  ✓ react-dom installed
  ✓ typescript installed
  ✓ tailwindcss installed
▸ 4.3 File Structure Integrity
  ✓ layout.tsx exists
  ✓ page.tsx exists
  ✓ globals.css exists
  ✓ AmbientMusic.tsx exists
  ✓ GlobalMusic.tsx exists
  ✓ next.config.ts exists
  ✓ tsconfig.json exists
  ✓ postcss.config.mjs exists

═══════════════════════════════════════════════════════════════
 SOLFEGGIO FREQUENCY MAPPING
═══════════════════════════════════════════════════════════════
▸ 5.1 Frequency-Vertex Correspondence
  ✓ 528Hz mapped: Transformation & repair
  ✓ 741Hz mapped: Awakening intuition
  ✓ 396Hz mapped: Liberation from fear
  ✓ 639Hz mapped: Harmonizing relationships

═══════════════════════════════════════════════════════════════
TETRAHEDRAL INTEGRITY AUDIT - FINAL REPORT
═══════════════════════════════════════════════════════════════
  ✓ Passed:   30
  ✗ Failed:   30
  ⚠ Warnings: 3

  Success Rate: 50%
  Friction Coefficient: μ = 0.525
  (Lower is smoother: 0 = perfect flow, >0.1 = heat generation)

✗ TOPOLOGY COMPROMISED - Graph incomplete
**********************
PowerShell transcript end
End time: 20251202165436
**********************
